2025-01-01 18:52:36,856 - INFO - 开始执行 Notion 到微信公众号的同步
2025-01-01 18:52:36,856 - INFO - 正在获取微信公众号 Access Token...
2025-01-01 18:52:37,154 - INFO - 成功获取微信公众号 Access Token
2025-01-01 18:52:37,154 - INFO - 正在从 Notion 获取页面内容...
2025-01-01 18:52:39,804 - INFO - HTTP Request: GET https://api.notion.com/v1/pages/16e96ee0-ac35-8078-9c9a-c743d0f3e841 "HTTP/1.1 200 OK"
2025-01-01 18:52:39,805 - INFO - 获取到文章标题: Walden’s Blog
2025-01-01 18:52:40,722 - INFO - HTTP Request: GET https://api.notion.com/v1/blocks/16e96ee0-ac35-8078-9c9a-c743d0f3e841/children "HTTP/1.1 200 OK"
2025-01-01 18:52:40,723 - INFO - 获取到 5 个内容块
2025-01-01 18:52:40,723 - INFO - 生成的文章内容长度: 125 字符
2025-01-01 18:52:40,723 - INFO - 正在发布文章到微信公众号...
2025-01-01 18:52:40,725 - INFO - 内容已备份到: backups/article_20250101_185240.json
2025-01-01 18:52:40,725 - INFO - 正在上传默认封面图片...
2025-01-01 18:52:41,643 - INFO - 封面图片上传成功
2025-01-01 18:52:41,648 - INFO - 准备发布文章：Walden’s Blog
2025-01-01 18:52:41,648 - INFO - 文章内容（前200字符）：
    <div style="font-size: 14px; line-height: 1.8; color: #333;">
        <p>notion 同步到 jekyll 页面的关键问题</p>

<p>Jekyll网站互动设计疑问点</p>

<p>如何使用 Notion 来同步管理你的博客和微信公众号</p>

<p>如何将 notion 内容同步到 GitHub 的 je
2025-01-01 18:52:41,917 - ERROR - 发布文章失败: {'errcode': 45110, 'errmsg': 'author size out of limit hint: [TcJ0761d106] rid: 67751e79-0bc8ae2f-687fe1c0'}
2025-01-01 18:52:45,918 - INFO - 正在发布文章到微信公众号...
2025-01-01 18:52:45,919 - INFO - 内容已备份到: backups/article_20250101_185245.json
2025-01-01 18:52:45,919 - INFO - 正在上传默认封面图片...
2025-01-01 18:52:46,522 - INFO - 封面图片上传成功
2025-01-01 18:52:46,523 - INFO - 准备发布文章：Walden’s Blog
2025-01-01 18:52:46,523 - INFO - 文章内容（前200字符）：
    <div style="font-size: 14px; line-height: 1.8; color: #333;">
        <p>notion 同步到 jekyll 页面的关键问题</p>

<p>Jekyll网站互动设计疑问点</p>

<p>如何使用 Notion 来同步管理你的博客和微信公众号</p>

<p>如何将 notion 内容同步到 GitHub 的 je
2025-01-01 18:52:46,717 - ERROR - 发布文章失败: {'errcode': 45110, 'errmsg': 'author size out of limit hint: [Tudp0a0766w487] rid: 67751e7e-6e25a93c-5a440011'}
2025-01-01 18:52:50,718 - INFO - 正在发布文章到微信公众号...
2025-01-01 18:52:50,719 - INFO - 内容已备份到: backups/article_20250101_185250.json
2025-01-01 18:52:50,719 - INFO - 正在上传默认封面图片...
2025-01-01 18:52:51,438 - INFO - 封面图片上传成功
2025-01-01 18:52:51,439 - INFO - 准备发布文章：Walden’s Blog
2025-01-01 18:52:51,439 - INFO - 文章内容（前200字符）：
    <div style="font-size: 14px; line-height: 1.8; color: #333;">
        <p>notion 同步到 jekyll 页面的关键问题</p>

<p>Jekyll网站互动设计疑问点</p>

<p>如何使用 Notion 来同步管理你的博客和微信公众号</p>

<p>如何将 notion 内容同步到 GitHub 的 je
2025-01-01 18:52:51,635 - ERROR - 发布文章失败: {'errcode': 45110, 'errmsg': 'author size out of limit hint: [7Wqpoa07719031] rid: 67751e83-1e1a0b0b-63dfa3f2'}
2025-01-01 18:52:51,635 - ERROR - 同步过程中发生错误: RetryError[<Future at 0x10750e370 state=finished raised ValueError>]
