2025-01-01 18:54:55,633 - INFO - 开始执行 Notion 到微信公众号的同步
2025-01-01 18:54:55,633 - INFO - 正在获取微信公众号 Access Token...
2025-01-01 18:54:55,921 - INFO - 成功获取微信公众号 Access Token
2025-01-01 18:54:55,921 - INFO - 正在从 Notion 获取页面内容...
2025-01-01 18:54:57,119 - INFO - HTTP Request: GET https://api.notion.com/v1/pages/16e96ee0-ac35-8078-9c9a-c743d0f3e841 "HTTP/1.1 200 OK"
2025-01-01 18:54:57,120 - INFO - 获取到文章标题: Walden’s Blog
2025-01-01 18:54:57,734 - INFO - HTTP Request: GET https://api.notion.com/v1/blocks/16e96ee0-ac35-8078-9c9a-c743d0f3e841/children "HTTP/1.1 200 OK"
2025-01-01 18:54:57,738 - INFO - 获取到 5 个内容块
2025-01-01 18:54:57,739 - INFO - 生成的文章内容长度: 0 字符
2025-01-01 18:54:57,739 - INFO - 正在发布文章到微信公众号...
2025-01-01 18:54:57,740 - INFO - 内容已备份到: backups/article_20250101_185457.json
2025-01-01 18:54:57,740 - INFO - 正在上传默认封面图片...
2025-01-01 18:54:58,657 - INFO - 封面图片上传成功
2025-01-01 18:54:58,663 - INFO - 准备发布文章：Walden’s Blog
2025-01-01 18:54:58,663 - INFO - 文章内容（前200字符）：
    <div style="font-size: 14px; line-height: 1.8; color: #333;">
        <p></p>

    </div>
    
    <hr />
    <p style="color: #999; font-size: 12px;">
        本文由 Notion 自动同步至微信公众号<br>
        发
2025-01-01 18:55:00,337 - INFO - 文章成功发布到微信公众号草稿箱
2025-01-01 18:55:00,337 - INFO - Notion 到微信公众号的同步完成
