2025-01-01 18:49:33,721 - INFO - 开始执行 Notion 到微信公众号的同步
2025-01-01 18:49:33,721 - INFO - 正在获取微信公众号 Access Token...
2025-01-01 18:49:34,043 - INFO - 成功获取微信公众号 Access Token
2025-01-01 18:49:34,043 - INFO - 正在从 Notion 获取页面内容...
2025-01-01 18:49:34,974 - INFO - HTTP Request: GET https://api.notion.com/v1/pages/16e96ee0-ac35-8078-9c9a-c743d0f3e841 "HTTP/1.1 200 OK"
2025-01-01 18:49:34,974 - INFO - 获取到文章标题: Walden’s Blog
2025-01-01 18:49:35,271 - INFO - HTTP Request: GET https://api.notion.com/v1/blocks/16e96ee0-ac35-8078-9c9a-c743d0f3e841/children "HTTP/1.1 200 OK"
2025-01-01 18:49:35,272 - INFO - 获取到 5 个内容块
2025-01-01 18:49:35,272 - INFO - 生成的文章内容长度: 125 字符
2025-01-01 18:49:35,272 - INFO - 正在发布文章到微信公众号...
2025-01-01 18:49:35,273 - INFO - 内容已备份到: backups/article_20250101_184935.json
2025-01-01 18:49:35,278 - INFO - 准备发布文章：Walden’s Blog
2025-01-01 18:49:35,278 - INFO - 文章内容（前200字符）：<p><strong>notion 同步到 jekyll 页面的关键问题</strong></p>

<p><strong>Jekyll网站互动设计疑问点</strong></p>

<p><strong>如何使用 Notion 来同步管理你的博客和微信公众号</strong></p>

<p><strong>如何将 notion 内容同步到 GitHub 的 jekyll 博客中</strong
2025-01-01 18:49:35,490 - ERROR - 发布文章失败: {'errcode': 40007, 'errmsg': 'invalid media_id hint: [zN76IA05759031] rid: 67751dbf-426631ce-183af426'}
2025-01-01 18:49:39,491 - INFO - 正在发布文章到微信公众号...
2025-01-01 18:49:39,493 - INFO - 内容已备份到: backups/article_20250101_184939.json
2025-01-01 18:49:39,494 - INFO - 准备发布文章：Walden’s Blog
2025-01-01 18:49:39,494 - INFO - 文章内容（前200字符）：<p><strong>notion 同步到 jekyll 页面的关键问题</strong></p>

<p><strong>Jekyll网站互动设计疑问点</strong></p>

<p><strong>如何使用 Notion 来同步管理你的博客和微信公众号</strong></p>

<p><strong>如何将 notion 内容同步到 GitHub 的 jekyll 博客中</strong
2025-01-01 18:49:39,720 - ERROR - 发布文章失败: {'errcode': 40007, 'errmsg': 'invalid media_id hint: [suszIA05794485] rid: 67751dc3-4f41944d-5edc249c'}
2025-01-01 18:49:43,722 - INFO - 正在发布文章到微信公众号...
2025-01-01 18:49:43,722 - INFO - 内容已备份到: backups/article_20250101_184943.json
2025-01-01 18:49:43,723 - INFO - 准备发布文章：Walden’s Blog
2025-01-01 18:49:43,723 - INFO - 文章内容（前200字符）：<p><strong>notion 同步到 jekyll 页面的关键问题</strong></p>

<p><strong>Jekyll网站互动设计疑问点</strong></p>

<p><strong>如何使用 Notion 来同步管理你的博客和微信公众号</strong></p>

<p><strong>如何将 notion 内容同步到 GitHub 的 jekyll 博客中</strong
2025-01-01 18:49:43,957 - ERROR - 发布文章失败: {'errcode': 40007, 'errmsg': 'invalid media_id hint: [j7RGBa05833707] rid: 67751dc7-45d5e6cb-2def0a06'}
2025-01-01 18:49:43,957 - ERROR - 同步过程中发生错误: RetryError[<Future at 0x1070dcfa0 state=finished raised ValueError>]
