2025-01-01 18:53:18,486 - INFO - 开始执行 Notion 到微信公众号的同步
2025-01-01 18:53:18,486 - INFO - 正在获取微信公众号 Access Token...
2025-01-01 18:53:18,807 - INFO - 成功获取微信公众号 Access Token
2025-01-01 18:53:18,807 - INFO - 正在从 Notion 获取页面内容...
2025-01-01 18:53:19,902 - INFO - HTTP Request: GET https://api.notion.com/v1/pages/16e96ee0-ac35-8078-9c9a-c743d0f3e841 "HTTP/1.1 200 OK"
2025-01-01 18:53:19,903 - INFO - 获取到文章标题: Walden’s Blog
2025-01-01 18:53:20,657 - INFO - HTTP Request: GET https://api.notion.com/v1/blocks/16e96ee0-ac35-8078-9c9a-c743d0f3e841/children "HTTP/1.1 200 OK"
2025-01-01 18:53:20,658 - INFO - 获取到 5 个内容块
2025-01-01 18:53:20,658 - INFO - 生成的文章内容长度: 125 字符
2025-01-01 18:53:20,658 - INFO - 正在发布文章到微信公众号...
2025-01-01 18:53:20,658 - INFO - 内容已备份到: backups/article_20250101_185320.json
2025-01-01 18:53:20,658 - INFO - 正在上传默认封面图片...
2025-01-01 18:53:21,404 - INFO - 封面图片上传成功
2025-01-01 18:53:21,409 - INFO - 准备发布文章：Walden’s Blog
2025-01-01 18:53:21,409 - INFO - 文章内容（前200字符）：
    <div style="font-size: 14px; line-height: 1.8; color: #333;">
        <p>notion 同步到 jekyll 页面的关键问题</p>

<p>Jekyll网站互动设计疑问点</p>

<p>如何使用 Notion 来同步管理你的博客和微信公众号</p>

<p>如何将 notion 内容同步到 GitHub 的 je
2025-01-01 18:53:23,656 - INFO - 文章成功发布到微信公众号草稿箱
2025-01-01 18:53:23,656 - INFO - Notion 到微信公众号的同步完成
