2025-01-01 18:50:11,867 - INFO - 开始执行 Notion 到微信公众号的同步
2025-01-01 18:50:11,867 - INFO - 正在获取微信公众号 Access Token...
2025-01-01 18:50:12,346 - INFO - 成功获取微信公众号 Access Token
2025-01-01 18:50:12,347 - INFO - 正在从 Notion 获取页面内容...
2025-01-01 18:50:13,691 - INFO - HTTP Request: GET https://api.notion.com/v1/pages/16e96ee0-ac35-8078-9c9a-c743d0f3e841 "HTTP/1.1 200 OK"
2025-01-01 18:50:13,691 - INFO - 获取到文章标题: Walden’s Blog
2025-01-01 18:50:14,376 - INFO - HTTP Request: GET https://api.notion.com/v1/blocks/16e96ee0-ac35-8078-9c9a-c743d0f3e841/children "HTTP/1.1 200 OK"
2025-01-01 18:50:14,377 - INFO - 获取到 5 个内容块
2025-01-01 18:50:14,378 - INFO - 生成的文章内容长度: 125 字符
2025-01-01 18:50:14,378 - INFO - 正在发布文章到微信公众号...
2025-01-01 18:50:14,378 - INFO - 内容已备份到: backups/article_20250101_185014.json
2025-01-01 18:50:14,386 - INFO - 准备发布文章：Walden’s Blog
2025-01-01 18:50:14,386 - INFO - 文章内容（前200字符）：
    <div style="font-size: 14px; line-height: 1.8; color: #333;">
        <p><strong>notion 同步到 jekyll 页面的关键问题</strong></p>

<p><strong>Jekyll网站互动设计疑问点</strong></p>

<p><strong>如何使用 Notion 来同步管理你的博客和
2025-01-01 18:50:14,585 - ERROR - 发布文章失败: {'errcode': 40007, 'errmsg': 'invalid media_id hint: [pqX3la0614d417] rid: 67751de6-78a57cd2-21717cb3'}
2025-01-01 18:50:18,586 - INFO - 正在发布文章到微信公众号...
2025-01-01 18:50:18,587 - INFO - 内容已备份到: backups/article_20250101_185018.json
2025-01-01 18:50:18,588 - INFO - 准备发布文章：Walden’s Blog
2025-01-01 18:50:18,588 - INFO - 文章内容（前200字符）：
    <div style="font-size: 14px; line-height: 1.8; color: #333;">
        <p><strong>notion 同步到 jekyll 页面的关键问题</strong></p>

<p><strong>Jekyll网站互动设计疑问点</strong></p>

<p><strong>如何使用 Notion 来同步管理你的博客和
2025-01-01 18:50:18,831 - ERROR - 发布文章失败: {'errcode': 40007, 'errmsg': 'invalid media_id hint: [TiFVra0618w487] rid: 67751dea-62cf623d-399c700d'}
2025-01-01 18:50:22,833 - INFO - 正在发布文章到微信公众号...
2025-01-01 18:50:22,835 - INFO - 内容已备份到: backups/article_20250101_185022.json
2025-01-01 18:50:22,836 - INFO - 准备发布文章：Walden’s Blog
2025-01-01 18:50:22,836 - INFO - 文章内容（前200字符）：
    <div style="font-size: 14px; line-height: 1.8; color: #333;">
        <p><strong>notion 同步到 jekyll 页面的关键问题</strong></p>

<p><strong>Jekyll网站互动设计疑问点</strong></p>

<p><strong>如何使用 Notion 来同步管理你的博客和
2025-01-01 18:50:23,041 - ERROR - 发布文章失败: {'errcode': 40007, 'errmsg': 'invalid media_id hint: [DoZTma06233954] rid: 67751def-5f167dd7-57be5e74'}
2025-01-01 18:50:23,041 - ERROR - 同步过程中发生错误: RetryError[<Future at 0x101ab2160 state=finished raised ValueError>]
